<?xml version="1.0" encoding="UTF-8"?>
<!-- Generated by org.testng.reporters.JUnitReportReporter -->
<testsuite hostname="DESKTOP-03EUE5T" failures="0" tests="1" name="Selenium.testCases.TestCases" time="0.111" errors="0" timestamp="2024-12-09T00:22:46 IST" skipped="0">
  <testcase classname="Selenium.testCases.TestCases" name="test_case01" time="0.111"/>
</testsuite> <!-- Selenium.testCases.TestCases -->
